# JRE version: OpenJDK Runtime Environment (21.0.7) (build 21.0.7+-13880790-b1038.58)
# Java VM: OpenJDK 64-Bit Server VM (21.0.7+-13880790-b1038.58, mixed mode, tiered, compressed oops, compressed class ptrs, g1 gc, windows-amd64)
GC Precious Log:
 CardTable entry size: 512
 Card Set container configuration: InlinePtr #cards 5 size 8 Array Of Cards #cards 12 size 40 Howl #buckets 4 coarsen threshold 1843 Howl Bitmap #cards 512 size 80 coarsen threshold 460 Card regions per heap region 1 cards per card region 2048
 CPUs: 16 total, 16 available
 Memory: 32549M
 Large Page Support: Disabled
 NUMA Support: Disabled
 Compressed Oops: Enabled (32-bit)
 Heap Region Size: 1M
 Heap Min Capacity: 8M
 Heap Initial Capacity: 510M
 Heap Max Capacity: 2G
 Pre-touch: Disabled
 Parallel Workers: 13
 Concurrent Workers: 3
 Concurrent Refinement Workers: 13
 Periodic GC: Disabled
Heap:
 garbage-first heap   total 278528K, used 188822K [0x0000000080000000, 0x0000000100000000)
  region size 1024K, 34 young (34816K), 10 survivors (10240K)
 Metaspace       used 164147K, committed 166528K, reserved 1245184K
  class space    used 20979K, committed 22144K, reserved 1048576K
GC Heap History (20 events):
Event: 5.116 GC heap before
{Heap before GC invocations=15 (full 0):
 garbage-first heap   total 260096K, used 232650K [0x0000000080000000, 0x0000000100000000)
  region size 1024K, 138 young (141312K), 12 survivors (12288K)
 Metaspace       used 85014K, committed 86720K, reserved 1179648K
  class space    used 11846K, committed 12672K, reserved 1048576K
}
Event: 5.121 GC heap after
{Heap after GC invocations=16 (full 0):
 garbage-first heap   total 260096K, used 107860K [0x0000000080000000, 0x0000000100000000)
  region size 1024K, 12 young (12288K), 12 survivors (12288K)
 Metaspace       used 85014K, committed 86720K, reserved 1179648K
  class space    used 11846K, committed 12672K, reserved 1048576K
}
Event: 5.229 GC heap before
{Heap before GC invocations=16 (full 0):
 garbage-first heap   total 260096K, used 123220K [0x0000000080000000, 0x0000000100000000)
  region size 1024K, 28 young (28672K), 12 survivors (12288K)
 Metaspace       used 87415K, committed 89152K, reserved 1179648K
  class space    used 12142K, committed 12992K, reserved 1048576K
}
Event: 5.234 GC heap after
{Heap after GC invocations=17 (full 0):
 garbage-first heap   total 260096K, used 108433K [0x0000000080000000, 0x0000000100000000)
  region size 1024K, 5 young (5120K), 5 survivors (5120K)
 Metaspace       used 87415K, committed 89152K, reserved 1179648K
  class space    used 12142K, committed 12992K, reserved 1048576K
}
Event: 5.945 GC heap before
{Heap before GC invocations=18 (full 0):
 garbage-first heap   total 260096K, used 254865K [0x0000000080000000, 0x0000000100000000)
  region size 1024K, 133 young (136192K), 5 survivors (5120K)
 Metaspace       used 98736K, committed 100672K, reserved 1179648K
  class space    used 13330K, committed 14272K, reserved 1048576K
}
Event: 5.953 GC heap after
{Heap after GC invocations=19 (full 0):
 garbage-first heap   total 278528K, used 134756K [0x0000000080000000, 0x0000000100000000)
  region size 1024K, 17 young (17408K), 17 survivors (17408K)
 Metaspace       used 98736K, committed 100672K, reserved 1179648K
  class space    used 13330K, committed 14272K, reserved 1048576K
}
Event: 6.594 GC heap before
{Heap before GC invocations=19 (full 0):
 garbage-first heap   total 278528K, used 246372K [0x0000000080000000, 0x0000000100000000)
  region size 1024K, 125 young (128000K), 17 survivors (17408K)
 Metaspace       used 109883K, committed 111936K, reserved 1179648K
  class space    used 14768K, committed 15744K, reserved 1048576K
}
Event: 6.600 GC heap after
{Heap after GC invocations=20 (full 0):
 garbage-first heap   total 278528K, used 142231K [0x0000000080000000, 0x0000000100000000)
  region size 1024K, 8 young (8192K), 8 survivors (8192K)
 Metaspace       used 109883K, committed 111936K, reserved 1179648K
  class space    used 14768K, committed 15744K, reserved 1048576K
}
Event: 7.309 GC heap before
{Heap before GC invocations=20 (full 0):
 garbage-first heap   total 278528K, used 252823K [0x0000000080000000, 0x0000000100000000)
  region size 1024K, 116 young (118784K), 8 survivors (8192K)
 Metaspace       used 121159K, committed 123200K, reserved 1179648K
  class space    used 16024K, committed 17024K, reserved 1048576K
}
Event: 7.313 GC heap after
{Heap after GC invocations=21 (full 0):
 garbage-first heap   total 278528K, used 150191K [0x0000000080000000, 0x0000000100000000)
  region size 1024K, 15 young (15360K), 15 survivors (15360K)
 Metaspace       used 121159K, committed 123200K, reserved 1179648K
  class space    used 16024K, committed 17024K, reserved 1048576K
}
Event: 7.929 GC heap before
{Heap before GC invocations=22 (full 0):
 garbage-first heap   total 278528K, used 247471K [0x0000000080000000, 0x0000000100000000)
  region size 1024K, 110 young (112640K), 15 survivors (15360K)
 Metaspace       used 132224K, committed 134400K, reserved 1179648K
  class space    used 17079K, committed 18112K, reserved 1048576K
}
Event: 7.934 GC heap after
{Heap after GC invocations=23 (full 0):
 garbage-first heap   total 278528K, used 155509K [0x0000000080000000, 0x0000000100000000)
  region size 1024K, 8 young (8192K), 8 survivors (8192K)
 Metaspace       used 132224K, committed 134400K, reserved 1179648K
  class space    used 17079K, committed 18112K, reserved 1048576K
}
Event: 8.502 GC heap before
{Heap before GC invocations=23 (full 0):
 garbage-first heap   total 278528K, used 253813K [0x0000000080000000, 0x0000000100000000)
  region size 1024K, 104 young (106496K), 8 survivors (8192K)
 Metaspace       used 139540K, committed 141696K, reserved 1179648K
  class space    used 18045K, committed 19072K, reserved 1048576K
}
Event: 8.505 GC heap after
{Heap after GC invocations=24 (full 0):
 garbage-first heap   total 278528K, used 152171K [0x0000000080000000, 0x0000000100000000)
  region size 1024K, 5 young (5120K), 5 survivors (5120K)
 Metaspace       used 139540K, committed 141696K, reserved 1179648K
  class space    used 18045K, committed 19072K, reserved 1048576K
}
Event: 9.229 GC heap before
{Heap before GC invocations=24 (full 0):
 garbage-first heap   total 278528K, used 256619K [0x0000000080000000, 0x0000000100000000)
  region size 1024K, 108 young (110592K), 5 survivors (5120K)
 Metaspace       used 151609K, committed 153984K, reserved 1245184K
  class space    used 19592K, committed 20736K, reserved 1048576K
}
Event: 9.232 GC heap after
{Heap after GC invocations=25 (full 0):
 garbage-first heap   total 278528K, used 157780K [0x0000000080000000, 0x0000000100000000)
  region size 1024K, 11 young (11264K), 11 survivors (11264K)
 Metaspace       used 151609K, committed 153984K, reserved 1245184K
  class space    used 19592K, committed 20736K, reserved 1048576K
}
Event: 9.675 GC heap before
{Heap before GC invocations=26 (full 0):
 garbage-first heap   total 278528K, used 250964K [0x0000000080000000, 0x0000000100000000)
  region size 1024K, 102 young (104448K), 11 survivors (11264K)
 Metaspace       used 155255K, committed 157632K, reserved 1245184K
  class space    used 19974K, committed 21120K, reserved 1048576K
}
Event: 9.679 GC heap after
{Heap after GC invocations=27 (full 0):
 garbage-first heap   total 278528K, used 159979K [0x0000000080000000, 0x0000000100000000)
  region size 1024K, 9 young (9216K), 9 survivors (9216K)
 Metaspace       used 155255K, committed 157632K, reserved 1245184K
  class space    used 19974K, committed 21120K, reserved 1048576K
}
Event: 24.403 GC heap before
{Heap before GC invocations=27 (full 0):
 garbage-first heap   total 278528K, used 252139K [0x0000000080000000, 0x0000000100000000)
  region size 1024K, 100 young (102400K), 9 survivors (9216K)
 Metaspace       used 164108K, committed 166528K, reserved 1245184K
  class space    used 20975K, committed 22144K, reserved 1048576K
}
Event: 24.410 GC heap after
{Heap after GC invocations=28 (full 0):
 garbage-first heap   total 278528K, used 165270K [0x0000000080000000, 0x0000000100000000)
  region size 1024K, 10 young (10240K), 10 survivors (10240K)
 Metaspace       used 164108K, committed 166528K, reserved 1245184K
  class space    used 20975K, committed 22144K, reserved 1048576K
}

